{
  "RSpec": {
    "coverage": {
      "/Users/sandymarie/turing/1module/projects/2207/night_writer/lib/night_writer.rb": {
        "lines": [
          1,
          1,
          1,
          null,
          1,
          1,
          1,
          1,
          null,
          1,
          null,
          null,
          1,
          null,
          1,
          0,
          0,
          0,
          null,
          null,
          null,
          null,
          null,
          null,
          1,
          0
        ]
      },
      "/Users/sandymarie/turing/1module/projects/2207/night_writer/lib/dictionary.rb": {
        "lines": [
          1,
          1,
          0,
          0,
          0,
          0,
          0,
          0,
          0,
          0,
          0,
          0,
          0,
          0,
          0,
          0,
          0,
          0,
          0,
          0,
          0,
          0,
          0,
          0,
          0,
          0,
          0,
          0,
          0,
          0,
          0,
          0,
          0,
          0,
          0,
          0,
          0,
          0,
          0,
          0,
          0,
          0,
          0,
          null,
          null
        ]
      },
      "/Users/sandymarie/turing/1module/projects/2207/night_writer/lib/translator.rb": {
        "lines": [
          1,
          1,
          0,
          0,
          0,
          null,
          0,
          0,
          0,
          0,
          null,
          null,
          0,
          null,
          null,
          1,
          0,
          null,
          0,
          0,
          0,
          0,
          null,
          0,
          0,
          null,
          null,
          1,
          0,
          0,
          0,
          0,
          null,
          null,
          0,
          null,
          null
        ]
      },
      "/Users/sandymarie/turing/1module/projects/2207/night_writer/lib/doc_writer.rb": {
        "lines": [
          1,
          1,
          0,
          null,
          null
        ]
      }
    },
    "timestamp": 1660087186
  }
}
